<?xml version="1.0" encoding="UTF-8"?>
<!-- Generated by org.testng.reporters.JUnitXMLReporter -->
<testsuite ignored="0" hostname="R_Yamini" failures="1" tests="2" name="Default test" time="4.425" errors="0" timestamp="2025-08-25T09:31:32 IST">
  <testcase classname="io.cucumber.testng.AbstractTestNGCucumberTests" name="runScenario" time="3.683">
    <failure type="io.cucumber.java.PendingException" message="TODO: implement me">
      <![CDATA[io.cucumber.java.PendingException: TODO: implement me
at stepdefinition.DataTableStepDef.user_enters_username_as_and_password_as_and_click_login_button(DataTableStepDef.java:10)
at ✽.user enters username as <"Username"> and password as <"Password">  and click login button(file:///C:/Users/yamin/eclipse-workspace/hello/CAPGEMINI/DSA/src/Datastructure/vdd_demo/src/test/resources/features/DataTable.feature:5)
]]>
    </failure>
  </testcase> <!-- runScenario -->
  <testcase classname="io.cucumber.testng.AbstractTestNGCucumberTests" name="runScenario" time="0.003"/>
</testsuite> <!-- Default test -->
