<?xml version="1.0" encoding="UTF-8"?>
<!-- Generated by org.testng.reporters.JUnitReportReporter -->
<testsuite hostname="R_Yamini" failures="0" tests="2" name="runner.TestRunner" time="3.686" errors="1" timestamp="2025-08-25T09:31:32 IST" skipped="0">
  <testcase classname="runner.TestRunner" name="runScenario" time="3.683">
    <error message="TODO: implement me" type="io.cucumber.java.PendingException">
      <![CDATA[io.cucumber.java.PendingException: TODO: implement me
at stepdefinition.DataTableStepDef.user_enters_username_as_and_password_as_and_click_login_button(DataTableStepDef.java:10)
at ✽.user enters username as <"Username"> and password as <"Password">  and click login button(file:///C:/Users/yamin/eclipse-workspace/hello/CAPGEMINI/DSA/src/Datastructure/vdd_demo/src/test/resources/features/DataTable.feature:5)
]]>
    </error>
  </testcase> <!-- runScenario -->
  <testcase classname="runner.TestRunner" name="runScenario" time="0.003"/>
</testsuite> <!-- runner.TestRunner -->
